[debug] [2024-02-03T14:07:49.161Z] ----------------------------------------------------------------------
[debug] [2024-02-03T14:07:49.174Z] Command:       C:\Program Files\nodejs\node.exe C:\Users\azizi\AppData\Roaming\npm\node_modules\firebase-tools\lib\bin\firebase.js init
[debug] [2024-02-03T14:07:49.177Z] CLI Version:   13.1.0
[debug] [2024-02-03T14:07:49.178Z] Platform:      win32
[debug] [2024-02-03T14:07:49.179Z] Node Version:  v21.2.0
[debug] [2024-02-03T14:07:49.181Z] Time:          Sat Feb 03 2024 22:07:49 GMT+0800 (Malaysia Time)
[debug] [2024-02-03T14:07:49.182Z] ----------------------------------------------------------------------
[debug] 
[debug] [2024-02-03T14:07:49.224Z] > command requires scopes: ["email","openid","https://www.googleapis.com/auth/cloudplatformprojects.readonly","https://www.googleapis.com/auth/firebase","https://www.googleapis.com/auth/cloud-platform"]
[debug] [2024-02-03T14:07:49.227Z] > authorizing via signed-in user (bi19110043@student.ums.edu.my)
[info] 
     ######## #### ########  ######## ########     ###     ######  ########
     ##        ##  ##     ## ##       ##     ##  ##   ##  ##       ##
     ######    ##  ########  ######   ########  #########  ######  ######
     ##        ##  ##    ##  ##       ##     ## ##     ##       ## ##
     ##       #### ##     ## ######## ########  ##     ##  ######  ########

You're about to initialize a Firebase project in this directory:

  C:\Users\azizi\Desktop\ain website\new-toys

[info] 
=== Project Setup
[info] 
[info] First, let's associate this project directory with a Firebase project.
[info] You can create multiple project aliases by running firebase use --add, 
[info] but for now we'll just set up a default project.
[info] 
[debug] [2024-02-03T14:08:40.442Z] >>> [apiv2][query] GET https://firebase.googleapis.com/v1beta1/projects pageSize=100
[debug] [2024-02-03T14:08:41.363Z] <<< [apiv2][status] GET https://firebase.googleapis.com/v1beta1/projects 200
[debug] [2024-02-03T14:08:41.363Z] <<< [apiv2][body] GET https://firebase.googleapis.com/v1beta1/projects [omitted]
[info] i  Using project ain-comel-16fb4 (ain comel) 
[info] 
=== Hosting Setup
[debug] [2024-02-03T14:08:43.419Z] >>> [apiv2][query] GET https://firebase.googleapis.com/v1beta1/projects/ain-comel-16fb4 [none]
[debug] [2024-02-03T14:08:43.813Z] <<< [apiv2][status] GET https://firebase.googleapis.com/v1beta1/projects/ain-comel-16fb4 200
[debug] [2024-02-03T14:08:43.814Z] <<< [apiv2][body] GET https://firebase.googleapis.com/v1beta1/projects/ain-comel-16fb4 {"projectId":"ain-comel-16fb4","projectNumber":"1025334086323","displayName":"ain comel","name":"projects/ain-comel-16fb4","resources":{"hostingSite":"ain-comel-16fb4"},"state":"ACTIVE","etag":"1_9899fa31-fe27-4416-bd7f-8cb2e2a3bef0"}
[info] 
[info] Your public directory is the folder (relative to your project directory) that
[info] will contain Hosting assets to be uploaded with firebase deploy. If you
[info] have a build process for your assets, use your build's output directory.
[info] 
[debug] [2024-02-03T14:09:28.041Z] >>> [apiv2][query] GET https://www.gstatic.com/firebasejs/releases.json [none]
[debug] [2024-02-03T14:09:28.207Z] <<< [apiv2][status] GET https://www.gstatic.com/firebasejs/releases.json 200
[debug] [2024-02-03T14:09:28.208Z] <<< [apiv2][body] GET https://www.gstatic.com/firebasejs/releases.json {"current":{"version":"10.8.0","browserURL":"https://www.gstatic.com/firebasejs/10.8.0/firebase.js","packageURL":"https://www.gstatic.com/firebasejs/10.8.0/firebase.tgz"},"live":{"version":"10.8","browserURL":"https://www.gstatic.com/firebasejs/live/10.8/firebase.js","packageURL":"https://www.gstatic.com/firebasejs/live/10.8/firebase.tgz"},"components":{"analytics":"https://www.gstatic.com/firebasejs/10.8.0/firebase-analytics.js","app":"https://www.gstatic.com/firebasejs/10.8.0/firebase-app.js","app-check":"https://www.gstatic.com/firebasejs/10.8.0/firebase-app-check.js","auth":"https://www.gstatic.com/firebasejs/10.8.0/firebase-auth.js","auth/cordova":"https://www.gstatic.com/firebasejs/10.8.0/firebase-auth/cordova.js","auth/web-extension":"https://www.gstatic.com/firebasejs/10.8.0/firebase-auth/web-extension.js","functions":"https://www.gstatic.com/firebasejs/10.8.0/firebase-functions.js","firestore":"https://www.gstatic.com/firebasejs/10.8.0/firebase-firestore.js","firestore/lite":"https://www.gstatic.com/firebasejs/10.8.0/firebase-firestore/lite.js","installations":"https://www.gstatic.com/firebasejs/10.8.0/firebase-installations.js","storage":"https://www.gstatic.com/firebasejs/10.8.0/firebase-storage.js","performance":"https://www.gstatic.com/firebasejs/10.8.0/firebase-performance.js","remote-config":"https://www.gstatic.com/firebasejs/10.8.0/firebase-remote-config.js","messaging":"https://www.gstatic.com/firebasejs/10.8.0/firebase-messaging.js","messaging/sw":"https://www.gstatic.com/firebasejs/10.8.0/firebase-messaging/sw.js","database":"https://www.gstatic.com/firebasejs/10.8.0/firebase-database.js","firestore.memory":"https://www.gstatic.com/firebasejs/10.8.0/firebase-firestore.memory.js"}}
[info] +  Wrote public/index.html 
[info] 
[info] i  Detected a .git folder at C:\Users\azizi\Desktop\ain website\new-toys 
[info] i  Authorizing with GitHub to upload your service account to a GitHub repository's secrets store. 
[info] 
[info] Visit this URL on this device to log in:
[info] https://github.com/login/oauth/authorize?client_id=89cf50f02ac6aaed3484&state=884847275&redirect_uri=http%3A%2F%2Flocalhost%3A9005&scope=read%3Auser%20repo%20public_repo
[info] 
[info] Waiting for authentication...
[debug] [2024-02-03T14:09:29.612Z] >>> [apiv2][query] POST https://github.com/login/oauth/access_token [none]
[debug] [2024-02-03T14:09:29.613Z] >>> [apiv2][body] POST https://github.com/login/oauth/access_token [stream]
[debug] [2024-02-03T14:09:30.089Z] <<< [apiv2][status] POST https://github.com/login/oauth/access_token 200
[debug] [2024-02-03T14:09:30.090Z] <<< [apiv2][body] POST https://github.com/login/oauth/access_token {"access_token":"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","token_type":"bearer","scope":"read:user,repo"}
[debug] [2024-02-03T14:09:30.114Z] >>> [apiv2][query] GET https://api.github.com/user [none]
[debug] [2024-02-03T14:09:30.705Z] <<< [apiv2][status] GET https://api.github.com/user 200
[debug] [2024-02-03T14:09:30.705Z] <<< [apiv2][body] GET https://api.github.com/user {"login":"ajiji185","id":124803371,"node_id":"U_kgDOB3BZKw","avatar_url":"https://avatars.githubusercontent.com/u/124803371?v=4","gravatar_id":"","url":"https://api.github.com/users/ajiji185","html_url":"https://github.com/ajiji185","followers_url":"https://api.github.com/users/ajiji185/followers","following_url":"https://api.github.com/users/ajiji185/following{/other_user}","gists_url":"https://api.github.com/users/ajiji185/gists{/gist_id}","starred_url":"https://api.github.com/users/ajiji185/starred{/owner}{/repo}","subscriptions_url":"https://api.github.com/users/ajiji185/subscriptions","organizations_url":"https://api.github.com/users/ajiji185/orgs","repos_url":"https://api.github.com/users/ajiji185/repos","events_url":"https://api.github.com/users/ajiji185/events{/privacy}","received_events_url":"https://api.github.com/users/ajiji185/received_events","type":"User","site_admin":false,"name":"Mohd Azizi","company":null,"blog":"","location":null,"email":null,"hireable":null,"bio":null,"twitter_username":null,"public_repos":2,"public_gists":0,"followers":0,"following":0,"created_at":"2023-02-08T15:39:07Z","updated_at":"2024-02-03T13:00:57Z","private_gists":0,"total_private_repos":2,"owned_private_repos":2,"disk_usage":10972,"collaborators":0,"two_factor_authentication":false,"plan":{"name":"free","space":976562499,"collaborators":0,"private_repos":10000}}
[info] 
[info] +  Success! Logged into GitHub as ajiji185 
[info] 
[debug] [2024-02-03T14:09:58.320Z] >>> [apiv2][query] GET https://api.github.com/repos//actions/secrets/public-key type=owner
[debug] [2024-02-03T14:09:58.790Z] <<< [apiv2][status] GET https://api.github.com/repos//actions/secrets/public-key 404
[debug] [2024-02-03T14:09:58.790Z] <<< [apiv2][body] GET https://api.github.com/repos//actions/secrets/public-key {"message":"Not Found","documentation_url":"https://docs.github.com/rest"}
[info] 
[info] 
[error] !  The provided authorization cannot be used with this repository. If this repository is in an organization, did you remember to grant access? 
[info] 
[info] i  Action required: Visit this URL to ensure access has been granted to the appropriate organization(s) for the Firebase CLI GitHub OAuth App: 
[info] https://github.com/settings/connections/applications/89cf50f02ac6aaed3484
[info] 
[debug] [2024-02-03T14:10:02.000Z] >>> [apiv2][query] GET https://api.github.com/repos/no/actions/secrets/public-key type=owner
[debug] [2024-02-03T14:10:02.320Z] <<< [apiv2][status] GET https://api.github.com/repos/no/actions/secrets/public-key 404
[debug] [2024-02-03T14:10:02.321Z] <<< [apiv2][body] GET https://api.github.com/repos/no/actions/secrets/public-key {"message":"Not Found","documentation_url":"https://docs.github.com/rest"}
[info] 
[info] 
[error] !  The provided authorization cannot be used with this repository. If this repository is in an organization, did you remember to grant access? 
[info] 
[info] i  Action required: Visit this URL to ensure access has been granted to the appropriate organization(s) for the Firebase CLI GitHub OAuth App: 
[info] https://github.com/settings/connections/applications/89cf50f02ac6aaed3484
[info] 
[debug] [2024-02-03T14:10:09.281Z] >>> [apiv2][query] GET https://api.github.com/repos/no/actions/secrets/public-key type=owner
[debug] [2024-02-03T14:10:09.728Z] <<< [apiv2][status] GET https://api.github.com/repos/no/actions/secrets/public-key 404
[debug] [2024-02-03T14:10:09.728Z] <<< [apiv2][body] GET https://api.github.com/repos/no/actions/secrets/public-key {"message":"Not Found","documentation_url":"https://docs.github.com/rest"}
[info] 
[info] 
[error] !  The provided authorization cannot be used with this repository. If this repository is in an organization, did you remember to grant access? 
[info] 
[info] i  Action required: Visit this URL to ensure access has been granted to the appropriate organization(s) for the Firebase CLI GitHub OAuth App: 
[info] https://github.com/settings/connections/applications/89cf50f02ac6aaed3484
[info] 
[debug] [2024-02-03T14:10:09.801Z] >>> [apiv2][query] GET https://api.github.com/repos/no/actions/secrets/public-key type=owner
[debug] [2024-02-03T14:10:10.122Z] <<< [apiv2][status] GET https://api.github.com/repos/no/actions/secrets/public-key 404
[debug] [2024-02-03T14:10:10.123Z] <<< [apiv2][body] GET https://api.github.com/repos/no/actions/secrets/public-key {"message":"Not Found","documentation_url":"https://docs.github.com/rest"}
[info] 
[info] 
[error] !  The provided authorization cannot be used with this repository. If this repository is in an organization, did you remember to grant access? 
[info] 
[info] i  Action required: Visit this URL to ensure access has been granted to the appropriate organization(s) for the Firebase CLI GitHub OAuth App: 
[info] https://github.com/settings/connections/applications/89cf50f02ac6aaed3484
[info] 
